[2013-02-03 13:36:26] START
[2013-02-03 13:40:21] CREATE plusdb.py: 0
[2013-02-03 13:42:08] CREATE plusc.py: 0
[2013-02-03 13:44:58] EDIT plusportal2/controllers/plusc.py: 1
[2013-02-03 14:25:39] EDIT plusportal2/models/plusm.py: 30
[2013-02-03 14:31:09] EDIT plusportal2/models/plusm.py: -1
[2013-02-03 14:32:45] EDIT plusportal2/models/plusm.py: 0
[2013-02-03 14:50:13] EDIT plusportal2/models/plusm.py: 0
[2013-02-03 14:59:25] EDIT plusportal2/controllers/plusc.py: 2
[2013-02-03 15:01:35] EDIT plusportal2/controllers/plusc.py: 0
[2013-02-03 15:03:12] EDIT plusportal2/controllers/plusc.py: 0
[2013-02-03 15:05:29] EDIT plusportal2/models/plusm.py: 0
[2013-02-03 15:07:29] EDIT plusportal2/controllers/plusc.py: 2
[2013-02-03 15:08:01] EDIT plusportal2/controllers/plusc.py: 0
[2013-02-03 15:13:12] EDIT plusportal2/controllers/plusc.py: 8
[2013-02-03 15:16:56] EDIT plusportal2/controllers/plusc.py: 0
[2013-02-03 15:19:19] EDIT plusportal2/controllers/plusc.py: 0
[2013-02-03 15:28:20] EDIT plusportal2/controllers/plusc.py: 1
[2013-02-03 15:33:29] EDIT plusportal2/controllers/plusc.py: 1
[2013-02-03 15:34:10] EDIT plusportal2/controllers/plusc.py: 1
[2013-02-03 15:34:38] EDIT plusportal2/controllers/plusc.py: 0
[2013-02-03 15:35:06] EDIT plusportal2/controllers/plusc.py: -1
[2013-02-03 15:40:25] EDIT plusportal2/controllers/plusc.py: 0
[2013-02-03 15:41:00] EDIT plusportal2/controllers/plusc.py: 0
[2013-02-03 15:41:20] EDIT plusportal2/controllers/plusc.py: 0
[2013-02-03 15:41:39] EDIT plusportal2/controllers/plusc.py: 0
[2013-02-03 15:47:54] EDIT plusportal2/models/menu.py: 0
[2013-02-03 15:49:17] EDIT plusportal2/models/menu.py: 0
[2013-02-03 15:49:46] EDIT plusportal2/models/menu.py: 0
[2013-02-03 15:50:22] EDIT plusportal2/models/menu.py: -1
[2013-02-03 15:51:03] EDIT plusportal2/models/menu.py: 0
[2013-02-03 15:51:57] EDIT plusportal2/models/menu.py: 0
[2013-02-03 15:52:15] EDIT plusportal2/models/menu.py: 0
[2013-02-03 15:52:33] EDIT plusportal2/models/menu.py: 0
[2013-02-03 15:55:19] EDIT plusportal2/views/layout.html: 0
[2013-02-03 15:57:18] UPLOAD /Users/MichaelBeller/Dev/web2py/applications/plusportal2/static/laundrylux_logo.png: 69
[2013-02-03 16:00:35] EDIT plusportal2/models/menu.py: 0
[2013-02-03 16:07:02] EDIT plusportal2/models/menu.py: 0
[2013-02-03 16:09:10] EDIT plusportal2/models/menu.py: 0
[2013-02-03 16:13:33] EDIT plusportal2/controllers/plusc.py: 0
[2013-02-03 16:13:42] EDIT plusportal2/controllers/plusc.py: 0
[2013-02-03 16:14:05] EDIT plusportal2/controllers/plusc.py: 0
[2013-02-03 16:25:43] EDIT plusportal2/models/menu.py: 0
[2013-02-03 16:43:43] EDIT plusportal2/controllers/default.py: -1
[2013-02-03 16:46:46] EDIT plusportal2/controllers/default.py: 1
[2013-02-03 16:48:19] EDIT plusportal2/controllers/default.py: 2
[2013-02-03 16:49:11] EDIT plusportal2/controllers/default.py: 0
[2013-02-03 16:50:47] EDIT plusportal2/controllers/default.py: 0
[2013-02-03 16:51:15] EDIT plusportal2/controllers/default.py: 0
[2013-02-03 16:51:34] EDIT plusportal2/controllers/default.py: 0
[2013-02-03 17:29:00] EDIT plusportal2/controllers/default.py: 0
[2013-02-03 17:29:09] EDIT plusportal2/controllers/default.py: 0
[2013-02-03 18:59:00] EDIT plusportal2/controllers/default.py: 0
[2013-02-03 19:17:09] EDIT plusportal2/controllers/default.py: 0
[2013-02-03 19:55:18] EDIT plusportal2/controllers/default.py: 1
[2013-02-03 19:55:41] EDIT plusportal2/controllers/default.py: 0
[2013-02-03 19:59:17] EDIT plusportal2/controllers/default.py: 1
[2013-02-03 20:00:12] EDIT plusportal2/controllers/plusc.py: -2
[2013-02-03 20:04:15] EDIT plusportal2/controllers/plusc.py: 0
[2013-02-03 20:08:04] EDIT plusportal2/models/plusm.py: 0
[2013-02-04 07:34:11] EDIT plusportal2/controllers/default.py: 0
[2013-02-04 07:37:00] EDIT plusportal2/controllers/default.py: 0
[2013-02-04 07:37:59] EDIT plusportal2/controllers/default.py: 0
[2013-02-04 08:13:18] EDIT plusportal2/models/db.py: 1
[2013-02-04 08:18:03] EDIT plusportal2/models/db.py: 0
[2013-02-04 08:19:00] EDIT plusportal2/models/db.py: 0
[2013-02-04 08:23:07] EDIT plusportal2/models/menu.py: 2
[2013-02-04 08:24:10] EDIT plusportal2/models/menu.py: 0
[2013-02-04 08:25:47] EDIT plusportal2/models/menu.py: 1
[2013-02-04 08:27:04] EDIT plusportal2/models/menu.py: 0
[2013-02-04 08:28:54] EDIT plusportal2/controllers/plusc.py: 0
[2013-02-04 08:56:35] EDIT plusportal2/models/db.py: 1
[2013-02-04 08:58:25] EDIT plusportal2/models/db.py: 0
[2013-02-04 09:00:09] EDIT plusportal2/controllers/appadmin.py: 1
[2013-02-04 09:00:31] EDIT plusportal2/controllers/appadmin.py: -1
[2013-02-04 09:01:22] EDIT plusportal2/controllers/appadmin.py: 0
[2013-02-04 09:01:47] EDIT plusportal2/models/db.py: -1
[2013-02-04 09:06:19] EDIT plusportal2/models/menu.py: 0
[2013-02-04 11:27:25] EDIT plusportal2/models/menu.py: -24
[2013-02-04 11:29:05] EDIT plusportal2/controllers/appadmin.py: 0
[2013-02-04 11:33:39] EDIT plusportal2/controllers/appadmin.py: 0
[2013-02-04 11:34:49] EDIT plusportal2/controllers/default.py: 0
[2013-02-04 11:36:56] EDIT plusportal2/controllers/default.py: 0
[2013-02-04 11:37:42] EDIT plusportal2/models/menu.py: 0
[2013-02-04 11:42:17] EDIT plusportal2/models/db.py: 0
[2013-02-04 11:42:38] EDIT plusportal2/controllers/default.py: 0
[2013-02-04 11:44:03] EDIT plusportal2/controllers/default.py: 0
[2013-02-04 11:44:49] EDIT plusportal2/models/db.py: 0
[2013-02-04 11:48:19] EDIT plusportal2/models/menu.py: 0
[2013-02-04 11:58:36] EDIT plusportal2/controllers/appadmin.py: 0
[2013-02-04 12:04:28] EDIT plusportal2/models/menu.py: 6
[2013-02-04 12:05:22] EDIT plusportal2/models/menu.py: 0
[2013-02-04 12:08:08] EDIT plusportal2/models/menu.py: 0
[2013-02-04 12:08:55] EDIT plusportal2/models/menu.py: 0
[2013-02-04 12:09:46] EDIT plusportal2/models/menu.py: 0
[2013-02-04 12:11:29] EDIT plusportal2/models/menu.py: 0
[2013-02-04 12:12:01] EDIT plusportal2/models/menu.py: 0
[2013-02-04 12:13:47] EDIT plusportal2/models/menu.py: 0
[2013-02-04 12:16:05] EDIT plusportal2/models/menu.py: 0
[2013-02-04 12:49:28] EDIT plusportal2/controllers/plusc.py: 12
[2013-02-05 10:36:27] EDIT plusportal2/models/db.py: 0
[2013-02-05 10:37:35] EDIT plusportal2/controllers/default.py: 0
[2013-02-05 10:39:25] EDIT plusportal2/controllers/default.py: 0
[2013-02-05 10:41:31] EDIT plusportal2/controllers/default.py: 0
[2013-02-05 10:47:10] EDIT plusportal2/controllers/plusc.py: 4
[2013-02-05 11:00:14] EDIT plusportal2/controllers/plusc.py: 0
[2013-02-05 12:05:59] EDIT plusportal2/controllers/plusc.py: 2
[2013-02-05 13:28:26] EDIT plusportal2/models/db.py: 0
[2013-02-05 13:30:44] EDIT plusportal2/models/db.py: 0
[2013-02-05 14:01:09] EDIT plusportal2/models/menu.py: 1
[2013-02-05 14:03:48] EDIT plusportal2/models/menu.py: -1
[2013-02-05 14:27:50] EDIT plusportal2/models/menu.py: 0
[2013-02-05 14:38:15] EDIT plusportal2/models/menu.py: -18
[2013-02-05 14:42:40] EDIT plusportal2/models/menu.py: -1
[2013-02-05 14:44:21] EDIT plusportal2/models/menu.py: 0
[2013-02-05 14:44:54] EDIT plusportal2/models/menu.py: 0
[2013-02-05 14:45:40] EDIT plusportal2/models/menu.py: 0
[2013-02-05 14:55:16] EDIT plusportal2/models/db.py: 0
[2013-02-05 14:57:34] EDIT plusportal2/controllers/appadmin.py: 0
[2013-02-05 15:01:33] EDIT plusportal2/models/db.py: -1
[2013-02-05 15:02:17] EDIT plusportal2/models/menu.py: 1
[2013-02-05 15:03:03] EDIT plusportal2/controllers/default.py: 0
[2013-02-05 15:03:07] EDIT plusportal2/models/menu.py: 0
[2013-02-05 15:05:08] EDIT plusportal2/models/menu.py: -2
[2013-02-05 15:05:54] EDIT plusportal2/models/menu.py: -1
[2013-02-05 15:09:26] EDIT plusportal2/models/menu.py: 0
[2013-02-05 15:09:38] EDIT plusportal2/controllers/default.py: 0
[2013-02-05 15:11:12] EDIT plusportal2/controllers/default.py: 1
[2013-02-05 17:14:23] EDIT plusportal2/controllers/default.py: 0
[2013-02-05 17:16:02] EDIT plusportal2/models/menu.py: -1
[2013-02-05 17:16:37] EDIT plusportal2/models/db.py: 1
[2013-02-05 17:19:04] EDIT plusportal2/controllers/default.py: 0
[2013-02-05 17:19:06] EDIT plusportal2/models/db.py: 0
[2013-02-05 17:27:54] EDIT plusportal2/models/db.py: 0
[2013-02-05 20:14:23] EDIT plusportal2/models/db.py: 1
[2013-02-05 20:14:31] EDIT plusportal2/models/db.py: -1
[2013-02-05 20:24:01] EDIT plusportal2/controllers/plusc.py: 0
[2013-02-05 20:34:56] EDIT plusportal2/controllers/plusc.py: 0
[2013-02-05 20:35:47] EDIT plusportal2/controllers/plusc.py: 0
[2013-02-05 20:47:34] CREATE plusc/chart.html: 0
[2013-02-05 20:53:54] EDIT plusportal2/views/plusc/chart.html: 38
[2013-02-05 20:54:35] EDIT plusportal2/controllers/plusc.py: 2
[2013-02-05 20:55:21] EDIT plusportal2/views/plusc/chart.html: 0
[2013-02-05 20:56:38] EDIT plusportal2/views/plusc/chart.html: -4
[2013-02-05 20:57:22] EDIT plusportal2/controllers/plusc.py: 5
[2013-02-05 20:58:00] EDIT plusportal2/controllers/plusc.py: 0
[2013-02-05 20:58:42] EDIT plusportal2/controllers/plusc.py: 0
[2013-02-05 20:59:00] EDIT plusportal2/controllers/plusc.py: 0
[2013-02-05 21:11:26] EDIT plusportal2/controllers/plusc.py: 0
[2013-02-05 21:12:14] EDIT plusportal2/controllers/plusc.py: 0
[2013-02-05 21:12:46] EDIT plusportal2/controllers/plusc.py: 0
[2013-02-05 21:13:18] EDIT plusportal2/controllers/plusc.py: 0
[2013-02-05 21:23:02] EDIT plusportal2/models/plusm.py: 0
[2013-02-05 21:26:19] EDIT plusportal2/views/plusc/chart.html: 4
[2013-02-05 21:27:49] EDIT plusportal2/views/plusc/chart.html: -1
[2013-02-05 21:28:13] EDIT plusportal2/controllers/plusc.py: 0
[2013-02-05 21:29:22] EDIT plusportal2/views/plusc/chart.html: 0
[2013-02-05 21:29:51] EDIT plusportal2/controllers/plusc.py: 1
[2013-02-05 21:30:15] EDIT plusportal2/controllers/plusc.py: 0
[2013-02-05 21:30:38] EDIT plusportal2/views/plusc/chart.html: -1
[2013-02-05 21:30:58] EDIT plusportal2/views/plusc/chart.html: 0
[2013-02-05 21:31:27] EDIT plusportal2/views/plusc/chart.html: 1
[2013-02-05 21:32:12] EDIT plusportal2/views/plusc/chart.html: 0
[2013-02-05 21:34:37] EDIT plusportal2/views/plusc/chart.html: 0
[2013-02-05 21:34:58] EDIT plusportal2/views/plusc/chart.html: 0
[2013-02-05 21:40:25] EDIT plusportal2/views/plusc/chart.html: -2
[2013-02-05 21:40:47] EDIT plusportal2/views/plusc/chart.html: 0
[2013-02-05 21:42:39] EDIT plusportal2/controllers/plusc.py: 0
[2013-02-05 21:44:10] EDIT plusportal2/controllers/plusc.py: 4
[2013-02-05 21:44:32] EDIT plusportal2/controllers/plusc.py: 0
[2013-02-05 21:45:11] EDIT plusportal2/controllers/plusc.py: 0
[2013-02-05 21:45:48] EDIT plusportal2/controllers/plusc.py: 0
[2013-02-05 21:46:11] EDIT plusportal2/controllers/plusc.py: 0
[2013-02-05 21:46:36] EDIT plusportal2/controllers/plusc.py: 0
[2013-02-05 21:49:46] EDIT plusportal2/controllers/plusc.py: 0
[2013-02-05 21:50:09] EDIT plusportal2/controllers/plusc.py: 0
[2013-02-05 21:50:57] EDIT plusportal2/controllers/plusc.py: 0
[2013-02-05 21:51:05] EDIT plusportal2/controllers/plusc.py: 0
[2013-02-05 21:52:37] EDIT plusportal2/controllers/plusc.py: 0
[2013-02-05 21:54:57] EDIT plusportal2/controllers/plusc.py: 0
[2013-02-05 21:55:25] EDIT plusportal2/controllers/plusc.py: 0
[2013-02-06 15:27:01] EDIT plusportal2/controllers/plusc.py: 9
[2013-02-06 22:31:40] EDIT plusportal2/controllers/plusc.py: 0
[2013-02-06 22:42:21] EDIT plusportal2/controllers/plusc.py: 6
[2013-02-06 22:44:09] EDIT plusportal2/controllers/plusc.py: 0
[2013-02-06 22:46:14] EDIT plusportal2/controllers/plusc.py: 0
[2013-02-06 22:46:47] EDIT plusportal2/controllers/plusc.py: 0
[2013-02-06 22:55:10] EDIT plusportal2/models/plusm.py: 3
[2013-02-06 22:57:01] EDIT plusportal2/models/plusm.py: 1
[2013-02-06 23:05:04] EDIT plusportal2/models/plusm.py: 2
[2013-02-06 23:05:34] EDIT plusportal2/models/plusm.py: 0
[2013-02-06 23:09:56] EDIT plusportal2/models/plusm.py: 0
[2013-02-06 23:13:03] EDIT plusportal2/controllers/plusc.py: -3
[2013-02-06 23:17:25] EDIT plusportal2/controllers/plusc.py: 10
[2013-02-06 23:17:59] EDIT plusportal2/models/plusm.py: -1
[2013-02-06 23:18:18] EDIT plusportal2/models/plusm.py: 1
[2013-02-06 23:20:02] EDIT plusportal2/controllers/plusc.py: 0
[2013-02-06 23:20:50] EDIT plusportal2/controllers/plusc.py: 0
[2013-02-07 21:08:34] EDIT plusportal2/controllers/plusc.py: 0
[2013-02-07 21:13:25] EDIT plusportal2/models/menu.py: 10
[2013-02-07 21:14:37] EDIT plusportal2/models/menu.py: -5
[2013-02-07 21:14:59] EDIT plusportal2/models/menu.py: 0
[2013-02-07 21:15:33] EDIT plusportal2/models/menu.py: 0
[2013-02-07 21:16:50] EDIT plusportal2/controllers/default.py: 2
[2013-02-07 21:17:49] EDIT plusportal2/models/menu.py: 1
[2013-02-07 21:18:15] EDIT plusportal2/models/menu.py: 0
[2013-02-07 21:18:24] EDIT plusportal2/models/menu.py: 0
[2013-02-07 21:20:57] EDIT plusportal2/views/layout.html: 0
[2013-02-07 21:24:31] EDIT plusportal2/controllers/default.py: 0
[2013-02-07 21:25:24] EDIT plusportal2/controllers/default.py: -1
[2013-02-07 21:29:20] EDIT plusportal2/views/default/index.html: 0
[2013-02-07 21:30:50] EDIT plusportal2/views/default/index.html: 0
[2013-02-07 21:31:12] EDIT plusportal2/controllers/default.py: 0
[2013-02-07 21:39:44] EDIT plusportal2/views/default/index.html: 0
[2013-02-07 21:40:08] EDIT plusportal2/views/default/index.html: 0
[2013-02-07 21:40:17] EDIT plusportal2/views/default/index.html: 0
[2013-02-07 21:40:37] EDIT plusportal2/views/default/index.html: 0
[2013-02-07 21:40:54] EDIT plusportal2/views/default/index.html: 0
[2013-02-07 21:42:10] EDIT plusportal2/views/default/index.html: 0
[2013-02-07 21:43:29] EDIT plusportal2/views/default/index.html: 0
[2013-02-07 21:44:51] EDIT plusportal2/controllers/default.py: 0
